
(13, 7)
(12, 7)
(11, 7)
(10, 7)
(11, 7)
option (10, 7) (11, 7) None None
(10, 6)
(11, 6)
(10, 6)
option (11, 6) (10, 6) None None
(12, 6)
(11, 6)
option (12, 6) (11, 6) None None
(13, 6)
(12, 6)
option (13, 6) (12, 6) None None
(14, 6)
(13, 6)
option (14, 6) (13, 6) None None
(15, 6)
(14, 6)
option (15, 6) (14, 6) None None
(16, 6)
(15, 6)
option (16, 6) (15, 6) None None
(17, 6)
(16, 6)
option (17, 6) (16, 6) None None
(17, 5)
(16, 5)
(15, 5)
(14, 5)
(13, 5)
(12, 5)
(11, 5)
(12, 5)
option (11, 5) (12, 5) None None
(11, 6)
option (11, 5) (11, 6) None None
(10, 6)
option (11, 5) (10, 6) None None
(12, 6)
option (11, 5) (12, 6) None None
(12, 4)
(13, 4)
(12, 4)
option (13, 4) (12, 4) None None
(14, 4)
(13, 4)
option (14, 4) (13, 4) None None
(15, 4)
(14, 4)
option (15, 4) (14, 4) None None
(16, 4)
(15, 4)
option (16, 4) (15, 4) None None
(17, 4)
(16, 4)
option (17, 4) (16, 4) None None
(17, 3)
(16, 3)
(15, 3)
(14, 3)
(13, 3)
(12, 3)
(13, 3)
option (12, 3) (13, 3) None None
(12, 4)
option (12, 3) (12, 4) None None
(13, 4)
option (12, 3) (13, 4) None None
(13, 2)
(14, 2)
(13, 2)
option (14, 2) (13, 2) None None
(15, 2)
(14, 2)
option (15, 2) (14, 2) None None
(16, 2)
(15, 2)
option (16, 2) (15, 2) None None
(17, 2)
(16, 2)
option (17, 2) (16, 2) None None
(17, 1)
(16, 1)
(15, 1)
(14, 1)
(15, 1)
option (14, 1) (15, 1) None None
(14, 2)
option (14, 1) (14, 2) None None
(13, 2)
option (14, 1) (13, 2) None None
(15, 2)
option (14, 1) (15, 2) None None
picked (14, 1) None None None
option (15, 1) (14, 1) None None
(16, 1)
option (15, 1) (16, 1) None None
(15, 2)
option (15, 1) (15, 2) None None
(14, 2)
option (15, 1) (14, 2) None None
(16, 2)
option (15, 1) (16, 2) None None
picked (15, 1) None None None
option (16, 1) (15, 1) None None
(17, 1)
option (16, 1) (17, 1) None None
(16, 2)
option (16, 1) (16, 2) None None
(15, 2)
option (16, 1) (15, 2) None None
(17, 2)
option (16, 1) (17, 2) None None
picked (16, 1) None None None
option (17, 1) (16, 1) None None
(17, 2)
option (17, 1) (17, 2) None None
(16, 2)
option (17, 1) (16, 2) None None
picked (17, 1) None None None
option (17, 2) (17, 1) None None
(17, 3)
option (17, 2) (17, 3) None None
(16, 1)
option (17, 2) (16, 1) None None
(16, 3)
option (17, 2) (16, 3) None None
picked (17, 2) None None None
option (16, 2) (17, 2) None None
(16, 1)
option (16, 2) (16, 1) None None
(16, 3)
option (16, 2) (16, 3) None None
(15, 1)
option (16, 2) (15, 1) None None
(15, 3)
option (16, 2) (15, 3) None None
(17, 3)
option (16, 2) (17, 3) None None
(17, 1)
option (16, 2) (17, 1) None None
picked (16, 2) None None None
option (15, 2) (16, 2) None None
(15, 1)
option (15, 2) (15, 1) None None
(15, 3)
option (15, 2) (15, 3) None None
(14, 1)
option (15, 2) (14, 1) None None
(14, 3)
option (15, 2) (14, 3) None None
(16, 3)
option (15, 2) (16, 3) None None
(16, 1)
option (15, 2) (16, 1) None None
picked (15, 2) None None None
option (14, 2) (15, 2) None None
(14, 1)
option (14, 2) (14, 1) None None
(14, 3)
option (14, 2) (14, 3) None None
(13, 3)
option (14, 2) (13, 3) None None
(15, 3)
option (14, 2) (15, 3) None None
(15, 1)
option (14, 2) (15, 1) None None
picked (14, 2) None None None
option (13, 2) (14, 2) None None
(13, 3)
option (13, 2) (13, 3) None None
(12, 3)
option (13, 2) (12, 3) None None
(14, 3)
option (13, 2) (14, 3) None None
(14, 1)
option (13, 2) (14, 1) None None
picked (13, 2) None None None
option (12, 3) (13, 2) None None
picked (12, 3) None None None
option (13, 3) (12, 3) None None
(14, 3)
option (13, 3) (14, 3) None None
(13, 2)
option (13, 3) (13, 2) None None
(13, 4)
option (13, 3) (13, 4) None None
(12, 4)
option (13, 3) (12, 4) None None
(14, 4)
option (13, 3) (14, 4) None None
(14, 2)
option (13, 3) (14, 2) None None
picked (13, 3) None None None
option (14, 3) (13, 3) None None
(15, 3)
option (14, 3) (15, 3) None None
(14, 2)
option (14, 3) (14, 2) None None
(14, 4)
option (14, 3) (14, 4) None None
(13, 2)
option (14, 3) (13, 2) None None
(13, 4)
option (14, 3) (13, 4) None None
(15, 4)
option (14, 3) (15, 4) None None
(15, 2)
option (14, 3) (15, 2) None None
picked (14, 3) None None None
option (15, 3) (14, 3) None None
(16, 3)
option (15, 3) (16, 3) None None
(15, 2)
option (15, 3) (15, 2) None None
(15, 4)
option (15, 3) (15, 4) None None
(14, 2)
option (15, 3) (14, 2) None None
(14, 4)
option (15, 3) (14, 4) None None
(16, 4)
option (15, 3) (16, 4) None None
(16, 2)
option (15, 3) (16, 2) None None
picked (15, 3) None None None
option (16, 3) (15, 3) None None
(17, 3)
option (16, 3) (17, 3) None None
(16, 2)
option (16, 3) (16, 2) None None
(16, 4)
option (16, 3) (16, 4) None None
(15, 2)
option (16, 3) (15, 2) None None
(15, 4)
option (16, 3) (15, 4) None None
(17, 4)
option (16, 3) (17, 4) None None
(17, 2)
option (16, 3) (17, 2) None None
picked (16, 3) None None None
option (17, 3) (16, 3) None None
(17, 2)
option (17, 3) (17, 2) None None
(17, 4)
option (17, 3) (17, 4) None None
(16, 2)
option (17, 3) (16, 2) None None
(16, 4)
option (17, 3) (16, 4) None None
picked (17, 3) None None None
option (17, 4) (17, 3) None None
(17, 5)
option (17, 4) (17, 5) None None
(16, 3)
option (17, 4) (16, 3) None None
(16, 5)
option (17, 4) (16, 5) None None
picked (17, 4) None None None
option (16, 4) (17, 4) None None
(16, 3)
option (16, 4) (16, 3) None None
(16, 5)
option (16, 4) (16, 5) None None
(15, 3)
option (16, 4) (15, 3) None None
(15, 5)
option (16, 4) (15, 5) None None
(17, 5)
option (16, 4) (17, 5) None None
(17, 3)
option (16, 4) (17, 3) None None
picked (16, 4) None None None
option (15, 4) (16, 4) None None
(15, 3)
option (15, 4) (15, 3) None None
(15, 5)
option (15, 4) (15, 5) None None
(14, 3)
option (15, 4) (14, 3) None None
(14, 5)
option (15, 4) (14, 5) None None
(16, 5)
option (15, 4) (16, 5) None None
(16, 3)
option (15, 4) (16, 3) None None
picked (15, 4) None None None
option (14, 4) (15, 4) None None
(14, 3)
option (14, 4) (14, 3) None None
(14, 5)
option (14, 4) (14, 5) None None
(13, 3)
option (14, 4) (13, 3) None None
(13, 5)
option (14, 4) (13, 5) None None
(15, 5)
option (14, 4) (15, 5) None None
(15, 3)
option (14, 4) (15, 3) None None
picked (14, 4) None None None
option (13, 4) (14, 4) None None
(13, 3)
option (13, 4) (13, 3) None None
(13, 5)
option (13, 4) (13, 5) None None
(12, 3)
option (13, 4) (12, 3) None None
(12, 5)
option (13, 4) (12, 5) None None
(14, 5)
option (13, 4) (14, 5) None None
(14, 3)
option (13, 4) (14, 3) None None
picked (13, 4) None None None
option (12, 4) (13, 4) None None
(12, 3)
option (12, 4) (12, 3) None None
(12, 5)
option (12, 4) (12, 5) None None
(11, 5)
option (12, 4) (11, 5) None None
(13, 5)
option (12, 4) (13, 5) None None
(13, 3)
option (12, 4) (13, 3) None None
picked (12, 4) None None None
option (11, 5) (12, 4) None None
picked (11, 5) None None None
option (12, 5) (11, 5) None None
(13, 5)
option (12, 5) (13, 5) None None
(12, 4)
option (12, 5) (12, 4) None None
(12, 6)
option (12, 5) (12, 6) None None
(11, 6)
option (12, 5) (11, 6) None None
(13, 6)
option (12, 5) (13, 6) None None
(13, 4)
option (12, 5) (13, 4) None None
picked (12, 5) None None None
option (13, 5) (12, 5) None None
(14, 5)
option (13, 5) (14, 5) None None
(13, 4)
option (13, 5) (13, 4) None None
(13, 6)
option (13, 5) (13, 6) None None
(12, 4)
option (13, 5) (12, 4) None None
(12, 6)
option (13, 5) (12, 6) None None
(14, 6)
option (13, 5) (14, 6) None None
(14, 4)
option (13, 5) (14, 4) None None
picked (13, 5) None None None
option (14, 5) (13, 5) None None
(15, 5)
option (14, 5) (15, 5) None None
(14, 4)
option (14, 5) (14, 4) None None
(14, 6)
option (14, 5) (14, 6) None None
(13, 4)
option (14, 5) (13, 4) None None
(13, 6)
option (14, 5) (13, 6) None None
(15, 6)
option (14, 5) (15, 6) None None
(15, 4)
option (14, 5) (15, 4) None None
picked (14, 5) None None None
option (15, 5) (14, 5) None None
(16, 5)
option (15, 5) (16, 5) None None
(15, 4)
option (15, 5) (15, 4) None None
(15, 6)
option (15, 5) (15, 6) None None
(14, 4)
option (15, 5) (14, 4) None None
(14, 6)
option (15, 5) (14, 6) None None
(16, 6)
option (15, 5) (16, 6) None None
(16, 4)
option (15, 5) (16, 4) None None
picked (15, 5) None None None
option (16, 5) (15, 5) None None
(17, 5)
option (16, 5) (17, 5) None None
(16, 4)
option (16, 5) (16, 4) None None
(16, 6)
option (16, 5) (16, 6) None None
(15, 4)
option (16, 5) (15, 4) None None
(15, 6)
option (16, 5) (15, 6) None None
(17, 6)
option (16, 5) (17, 6) None None
(17, 4)
option (16, 5) (17, 4) None None
picked (16, 5) None None None
option (17, 5) (16, 5) None None
(17, 4)
option (17, 5) (17, 4) None None
(17, 6)
option (17, 5) (17, 6) None None
(16, 4)
option (17, 5) (16, 4) None None
(16, 6)
option (17, 5) (16, 6) None None
picked (17, 5) None None None
option (17, 6) (17, 5) None None
(17, 7)
option (17, 6) (17, 7) 0 []
(16, 5)
option (17, 6) (16, 5) None None
(16, 7)
(15, 7)
(14, 7)
(13, 7)
option (14, 7) (13, 7) None None
(15, 7)
option (14, 7) (15, 7) None None
(14, 6)
option (14, 7) (14, 6) None None
(13, 6)
option (14, 7) (13, 6) None None
(15, 6)
option (14, 7) (15, 6) None None
picked (14, 7) None None None
option (15, 7) (14, 7) None None
(16, 7)
option (15, 7) (16, 7) None None
(15, 6)
option (15, 7) (15, 6) None None
(14, 6)
option (15, 7) (14, 6) None None
(16, 6)
option (15, 7) (16, 6) None None
picked (15, 7) None None None
option (16, 7) (15, 7) None None
(17, 7)
option (16, 7) (17, 7) 0 []
(16, 6)
option (16, 7) (16, 6) None None
(15, 6)
option (16, 7) (15, 6) None None
(17, 6)
option (16, 7) (17, 6) None None
picked (16, 7) (17, 7) 1.0 []
option (17, 6) (16, 7) 1.0 [(17, 7)]
picked (17, 6) (17, 7) 1.0 []
option (16, 6) (17, 6) 1.0 [(17, 7)]
(16, 5)
option (16, 6) (16, 5) None None
(16, 7)
option (16, 6) (16, 7) 1.0 [(17, 7)]
(15, 5)
option (16, 6) (15, 5) None None
(15, 7)
option (16, 6) (15, 7) None None
(17, 7)
option (16, 6) (17, 7) 0 []
(17, 5)
option (16, 6) (17, 5) None None
picked (16, 6) (17, 7) 1.4142135623730951 []
option (15, 6) (16, 6) 1.4142135623730951 [(17, 7)]
(15, 5)
option (15, 6) (15, 5) None None
(15, 7)
option (15, 6) (15, 7) None None
(14, 5)
option (15, 6) (14, 5) None None
(14, 7)
option (15, 6) (14, 7) None None
(16, 7)
option (15, 6) (16, 7) 1.0 [(17, 7)]
(16, 5)
option (15, 6) (16, 5) None None
picked (15, 6) (16, 6) 2.414213562373095 [(17, 7)]
option (14, 6) (15, 6) 2.414213562373095 [(16, 6), (17, 7)]
(14, 5)
option (14, 6) (14, 5) None None
(14, 7)
option (14, 6) (14, 7) None None
(13, 5)
option (14, 6) (13, 5) None None
(13, 7)
option (14, 6) (13, 7) None None
(15, 7)
option (14, 6) (15, 7) None None
(15, 5)
option (14, 6) (15, 5) None None
picked (14, 6) (15, 6) 3.414213562373095 [(16, 6), (17, 7)]
option (13, 6) (14, 6) 3.414213562373095 [(15, 6), (16, 6), (17, 7)]
(13, 5)
option (13, 6) (13, 5) None None
(13, 7)
option (13, 6) (13, 7) None None
(12, 5)
option (13, 6) (12, 5) None None
(12, 7)
option (13, 6) (12, 7) None None
(14, 7)
option (13, 6) (14, 7) None None
(14, 5)
option (13, 6) (14, 5) None None
picked (13, 6) (14, 6) 4.414213562373095 [(15, 6), (16, 6), (17, 7)]
option (12, 6) (13, 6) 4.414213562373095 [(14, 6), (15, 6), (16, 6), (17, 7)]
(12, 5)
option (12, 6) (12, 5) None None
(12, 7)
option (12, 6) (12, 7) None None
(11, 5)
option (12, 6) (11, 5) None None
(11, 7)
option (12, 6) (11, 7) None None
(13, 7)
option (12, 6) (13, 7) None None
(13, 5)
option (12, 6) (13, 5) None None
picked (12, 6) (13, 6) 5.414213562373095 [(14, 6), (15, 6), (16, 6), (17, 7)]
option (11, 6) (12, 6) 5.414213562373095 [(13, 6), (14, 6), (15, 6), (16, 6), (17, 7)]
(11, 5)
option (11, 6) (11, 5) None None
(11, 7)
option (11, 6) (11, 7) None None
(10, 7)
option (11, 6) (10, 7) None None
(12, 7)
option (11, 6) (12, 7) None None
(12, 5)
option (11, 6) (12, 5) None None
picked (11, 6) (12, 6) 6.414213562373095 [(13, 6), (14, 6), (15, 6), (16, 6), (17, 7)]
option (10, 6) (11, 6) 6.414213562373095 [(12, 6), (13, 6), (14, 6), (15, 6), (16, 6), (17, 7)]
(10, 7)
option (10, 6) (10, 7) None None
(11, 7)
option (10, 6) (11, 7) None None
(11, 5)
option (10, 6) (11, 5) None None
picked (10, 6) (11, 6) 7.414213562373095 [(12, 6), (13, 6), (14, 6), (15, 6), (16, 6), (17, 7)]
option (10, 7) (10, 6) 7.414213562373095 [(11, 6), (12, 6), (13, 6), (14, 6), (15, 6), (16, 6), (17, 7)]
(11, 6)
option (10, 7) (11, 6) 6.414213562373095 [(12, 6), (13, 6), (14, 6), (15, 6), (16, 6), (17, 7)]
picked (10, 7) (11, 6) 7.82842712474619 [(12, 6), (13, 6), (14, 6), (15, 6), (16, 6), (17, 7)]
option (11, 7) (10, 7) 7.82842712474619 [(11, 6), (12, 6), (13, 6), (14, 6), (15, 6), (16, 6), (17, 7)]
(12, 7)
option (11, 7) (12, 7) None None
(11, 6)
option (11, 7) (11, 6) 6.414213562373095 [(12, 6), (13, 6), (14, 6), (15, 6), (16, 6), (17, 7)]
(10, 6)
option (11, 7) (10, 6) 7.414213562373095 [(11, 6), (12, 6), (13, 6), (14, 6), (15, 6), (16, 6), (17, 7)]
(12, 6)
option (11, 7) (12, 6) 5.414213562373095 [(13, 6), (14, 6), (15, 6), (16, 6), (17, 7)]
picked (11, 7) (12, 6) 6.82842712474619 [(13, 6), (14, 6), (15, 6), (16, 6), (17, 7)]
option (12, 7) (11, 7) 6.82842712474619 [(12, 6), (13, 6), (14, 6), (15, 6), (16, 6), (17, 7)]
(13, 7)
option (12, 7) (13, 7) None None
(12, 6)
option (12, 7) (12, 6) 5.414213562373095 [(13, 6), (14, 6), (15, 6), (16, 6), (17, 7)]
(11, 6)
option (12, 7) (11, 6) 6.414213562373095 [(12, 6), (13, 6), (14, 6), (15, 6), (16, 6), (17, 7)]
(13, 6)
option (12, 7) (13, 6) 4.414213562373095 [(14, 6), (15, 6), (16, 6), (17, 7)]
picked (12, 7) (13, 6) 5.82842712474619 [(14, 6), (15, 6), (16, 6), (17, 7)]
option (13, 7) (12, 7) 5.82842712474619 [(13, 6), (14, 6), (15, 6), (16, 6), (17, 7)]
(14, 7)
option (13, 7) (14, 7) None None
(13, 6)
option (13, 7) (13, 6) 4.414213562373095 [(14, 6), (15, 6), (16, 6), (17, 7)]
(12, 6)
option (13, 7) (12, 6) 5.414213562373095 [(13, 6), (14, 6), (15, 6), (16, 6), (17, 7)]
(14, 6)
option (13, 7) (14, 6) 3.414213562373095 [(15, 6), (16, 6), (17, 7)]
picked (13, 7) (14, 6) 4.82842712474619 [(15, 6), (16, 6), (17, 7)]
4.82842712474619
5
